Number of X cells : 100
Number of ghost cells : 3
Time : 0
-1.05 : 0
-1.03 : 0
-1.01 : 0
-0.99 : 1.9603
-0.97 : 1.8827
-0.95 : 1.8075
-0.93 : 1.7347
-0.91 : 1.6643
-0.89 : 1.5963
-0.87 : 1.5307
-0.85 : 1.4675
-0.83 : 1.4067
-0.81 : 1.3483
-0.79 : 1.2923
-0.77 : 1.2387
-0.75 : 1.1875
-0.73 : 1.1387
-0.71 : 1.0923
-0.69 : 1.0483
-0.67 : 1.0067
-0.65 : 0.9675
-0.63 : 0.9307
-0.61 : 0.8963
-0.59 : 0.8643
-0.57 : 0.8347
-0.55 : 0.8075
-0.53 : 0.7827
-0.51 : 0.7603
-0.49 : 0.7403
-0.47 : 0.7227
-0.45 : 0.7075
-0.43 : 0.6947
-0.41 : 0.6843
-0.39 : 0.6763
-0.37 : 0.6707
-0.35 : 0.6675
-0.33 : 0.6667
-0.31 : 0.6683
-0.29 : 0.6723
-0.27 : 0.6787
-0.25 : 2.75
-0.23 : 2.85
-0.21 : 2.95
-0.19 : 3.05
-0.17 : 3.15
-0.15 : 3.25
-0.13 : 3.35
-0.11 : 3.45
-0.09 : 3.55
-0.07 : 3.65
-0.05 : 3.75
-0.03 : 3.85
-0.01 : 3.95
0.01 : 4.05
0.03 : 4.15
0.05 : 4.25
0.07 : 4.35
0.09 : 4.45
0.11 : 4.55
0.13 : 4.65
0.15 : 4.75
0.17 : 4.85
0.19 : 4.95
0.21 : 5.05
0.23 : 5.15
0.25 : 6
0.27 : 6
0.29 : 6
0.31 : 6
0.33 : 6
0.35 : 6
0.37 : 6
0.39 : 6
0.41 : 6
0.43 : 6
0.45 : 6
0.47 : 6
0.49 : 6
0.51 : 6
0.53 : 6
0.55 : 6
0.57 : 6
0.59 : 6
0.61 : 6
0.63 : 6
0.65 : 6
0.67 : 6
0.69 : 6
0.71 : 6
0.73 : 6
0.75 : 6
0.77 : 6
0.79 : 6
0.81 : 6
0.83 : 6
0.85 : 6
0.87 : 6
0.89 : 6
0.91 : 6
0.93 : 6
0.95 : 6
0.97 : 6
0.99 : 6
1.01 : 0
1.03 : 0
1.05 : 0
