Number of X cells : 100
Number of ghost cells : 3
Time : 1.6
-1.05 : 7.3144e-06
-1.03 : 1.91614e-05
-1.01 : 4.82056e-05
-0.99 : 6.18517e-05
-0.97 : 0.00014714
-0.95 : 0.000336087
-0.93 : 0.000736884
-0.91 : 0.00155044
-0.89 : 0.0031297
-0.87 : 0.00605934
-0.85 : 0.011249
-0.83 : 0.0200202
-0.81 : 0.0341516
-0.79 : 0.0558327
-0.77 : 0.0874754
-0.75 : 0.131353
-0.73 : 0.189087
-0.71 : 0.261067
-0.69 : 0.345967
-0.67 : 0.440538
-0.65 : 0.539839
-0.63 : 0.637913
-0.61 : 0.728811
-0.59 : 0.807662
-0.57 : 0.871493
-0.55 : 0.919553
-0.53 : 0.953078
-0.51 : 0.974646
-0.49 : 0.987363
-0.47 : 0.994156
-0.45 : 0.99733
-0.43 : 0.998408
-0.41 : 0.998173
-0.39 : 0.996792
-0.37 : 0.993922
-0.35 : 0.988747
-0.33 : 0.979979
-0.31 : 0.965848
-0.29 : 0.944167
-0.27 : 0.912525
-0.25 : 0.868647
-0.23 : 0.810913
-0.21 : 0.738933
-0.19 : 0.654033
-0.17 : 0.559462
-0.15 : 0.460161
-0.13 : 0.362087
-0.11 : 0.271189
-0.09 : 0.192338
-0.07 : 0.128506
-0.05 : 0.0804437
-0.03 : 0.0469122
-0.01 : 0.0253288
0.01 : 0.0125749
0.03 : 0.00569638
0.05 : 0.00233356
0.07 : 0.000855398
0.09 : 0.000276987
0.11 : 7.79636e-05
0.13 : 1.86801e-05
0.15 : 3.70317e-06
0.17 : 5.82987e-07
0.19 : 6.83171e-08
0.21 : 5.29629e-09
0.23 : 2.03704e-10
0.25 : 3.76994e-32
0.27 : 4.37086e-31
0.29 : 4.81555e-30
0.31 : 5.04766e-29
0.33 : 5.03938e-28
0.35 : 4.79671e-27
0.37 : 4.35701e-26
0.39 : 3.77991e-25
0.41 : 3.13443e-24
0.43 : 2.48616e-23
0.45 : 1.88747e-22
0.47 : 1.37236e-21
0.49 : 9.56171e-21
0.51 : 6.387e-20
0.53 : 4.09215e-19
0.55 : 2.51582e-18
0.57 : 1.48472e-17
0.59 : 8.41376e-17
0.61 : 4.57983e-16
0.63 : 2.39518e-15
0.65 : 1.20381e-14
0.67 : 5.81566e-14
0.69 : 2.70105e-13
0.71 : 1.20621e-12
0.73 : 5.17989e-12
0.75 : 2.13925e-11
0.77 : 8.49714e-11
0.79 : 3.24615e-10
0.81 : 1.19276e-09
0.83 : 4.21518e-09
0.85 : 1.43266e-08
0.87 : 4.68274e-08
0.89 : 1.47181e-07
0.91 : 4.44781e-07
0.93 : 1.29218e-06
0.95 : 3.60842e-06
0.97 : 9.68379e-06
0.99 : 2.49702e-05
1.01 : 0.000116436
1.03 : 0.000269956
1.05 : 0.000600613
