Number of X cells : 100
Number of ghost cells : 3
Time : 0.32
-1.05 : 0
-1.03 : 0
-1.01 : 0
-0.99 : 0
-0.97 : 0
-0.95 : 0
-0.93 : 0
-0.91 : 0
-0.89 : 0
-0.87 : 0
-0.85 : 0
-0.83 : 0
-0.81 : 0
-0.79 : 0
-0.77 : 0
-0.75 : 0
-0.73 : 0
-0.71 : 0
-0.69 : 0
-0.67 : 0
-0.65 : 0
-0.63 : 0
-0.61 : 0
-0.59 : 0
-0.57 : 0
-0.55 : 0
-0.53 : 0
-0.51 : 0
-0.49 : 0
-0.47 : 0
-0.45 : 0
-0.43 : 0
-0.41 : 0
-0.39 : 0
-0.37 : 0
-0.35 : 0
-0.33 : 0
-0.31 : 0
-0.29 : 0
-0.27 : 0
-0.25 : 1.04858e-14
-0.23 : 8.49347e-13
-0.21 : 3.27261e-11
-0.19 : 7.97767e-10
-0.17 : 1.38035e-08
-0.15 : 1.80276e-07
-0.13 : 1.84501e-06
-0.11 : 1.51628e-05
-0.09 : 0.000101729
-0.07 : 0.000563414
-0.05 : 0.00259483
-0.03 : 0.00998179
-0.01 : 0.0321427
0.01 : 0.0866925
0.03 : 0.195792
0.05 : 0.370352
0.07 : 0.588551
0.09 : 0.793915
0.11 : 0.930825
0.13 : 0.988471
0.15 : 1
0.17 : 1
0.19 : 1
0.21 : 1
0.23 : 1
0.25 : 1
0.27 : 1
0.29 : 1
0.31 : 1
0.33 : 1
0.35 : 1
0.37 : 0.999998
0.39 : 0.999985
0.41 : 0.999898
0.43 : 0.999437
0.45 : 0.997405
0.47 : 0.990018
0.49 : 0.967857
0.51 : 0.913307
0.53 : 0.804208
0.55 : 0.629648
0.57 : 0.411449
0.59 : 0.206085
0.61 : 0.0691753
0.63 : 0.0115292
0.65 : 0
0.67 : 0
0.69 : 0
0.71 : 0
0.73 : 0
0.75 : 0
0.77 : 0
0.79 : 0
0.81 : 0
0.83 : 0
0.85 : 0
0.87 : 0
0.89 : 0
0.91 : 0
0.93 : 0
0.95 : 0
0.97 : 0
0.99 : 0
1.01 : 0
1.03 : 0
1.05 : 0
