Number of X cells : 100
Number of ghost cells : 3
Time : 1.04
-1.05 : 0.999497
-1.03 : 0.999896
-1.01 : 0.999946
-0.99 : 0.999931
-0.97 : 0.999827
-0.95 : 0.999537
-0.93 : 0.998828
-0.91 : 0.997208
-0.89 : 0.993741
-0.87 : 0.986807
-0.85 : 0.973864
-0.83 : 0.951354
-0.81 : 0.914955
-0.79 : 0.860356
-0.77 : 0.784586
-0.75 : 0.687601
-0.73 : 0.573501
-0.71 : 0.450624
-0.69 : 0.330066
-0.67 : 0.222902
-0.65 : 0.137172
-0.63 : 0.0759356
-0.61 : 0.0372602
-0.59 : 0.015922
-0.57 : 0.00579539
-0.55 : 0.00174475
-0.53 : 0.000416674
-0.51 : 7.39443e-05
-0.49 : 8.6624e-06
-0.47 : 5.02168e-07
-0.45 : 0
-0.43 : 0
-0.41 : 0
-0.39 : 0
-0.37 : 0
-0.35 : 0
-0.33 : 0
-0.31 : 0
-0.29 : 0
-0.27 : 0
-0.25 : 3.68935e-46
-0.23 : 9.6292e-44
-0.21 : 1.23744e-41
-0.19 : 1.04374e-39
-0.17 : 6.49884e-38
-0.15 : 3.18549e-36
-0.13 : 1.28005e-34
-0.11 : 4.33622e-33
-0.09 : 1.26374e-31
-0.07 : 3.21801e-30
-0.05 : 7.24706e-29
-0.03 : 1.45752e-27
-0.01 : 2.63885e-26
0.01 : 4.32955e-25
0.03 : 6.47336e-24
0.05 : 8.86229e-23
0.07 : 1.11549e-21
0.09 : 1.29547e-20
0.11 : 1.3924e-19
0.13 : 1.38879e-18
0.15 : 1.28847e-17
0.17 : 1.11421e-16
0.19 : 8.99712e-16
0.21 : 6.79476e-15
0.23 : 4.80601e-14
0.25 : 3.18761e-13
0.27 : 1.98461e-12
0.29 : 1.16095e-11
0.31 : 6.3859e-11
0.33 : 3.30512e-10
0.35 : 1.61044e-09
0.37 : 7.39078e-09
0.39 : 3.19572e-08
0.41 : 1.30223e-07
0.43 : 5.00165e-07
0.45 : 1.81082e-06
0.47 : 6.17965e-06
0.49 : 1.98765e-05
0.51 : 6.02463e-05
0.53 : 0.00017204
0.55 : 0.000462702
0.57 : 0.00117163
0.59 : 0.00279205
0.61 : 0.00625899
0.63 : 0.0131929
0.65 : 0.0261361
0.67 : 0.0486461
0.69 : 0.0850452
0.71 : 0.139644
0.73 : 0.215414
0.75 : 0.312399
0.77 : 0.426499
0.79 : 0.549376
0.81 : 0.669934
0.83 : 0.777098
0.85 : 0.862828
0.87 : 0.924064
0.89 : 0.96274
0.91 : 0.984078
0.93 : 0.994204
0.95 : 0.998253
0.97 : 0.999577
0.99 : 0.999906
1.01 : 0.999872
1.03 : 0.999649
1.05 : 0.99909
