Number of X cells : 100
Number of ghost cells : 3
Time : 0.72
-1.05 : 0.470164
-1.03 : 0.322925
-1.01 : 0.195583
-0.99 : 0.176817
-0.97 : 0.0902039
-0.95 : 0.038236
-0.93 : 0.0128858
-0.91 : 0.0032286
-0.89 : 0.000533563
-0.87 : 4.35561e-05
-0.85 : 0
-0.83 : 0
-0.81 : 0
-0.79 : 0
-0.77 : 0
-0.75 : 0
-0.73 : 0
-0.71 : 0
-0.69 : 0
-0.67 : 0
-0.65 : 0
-0.63 : 0
-0.61 : 0
-0.59 : 0
-0.57 : 0
-0.55 : 0
-0.53 : 0
-0.51 : 0
-0.49 : 0
-0.47 : 0
-0.45 : 0
-0.43 : 0
-0.41 : 0
-0.39 : 0
-0.37 : 0
-0.35 : 0
-0.33 : 0
-0.31 : 0
-0.29 : 0
-0.27 : 0
-0.25 : 3.51844e-32
-0.23 : 6.36837e-30
-0.21 : 5.63689e-28
-0.19 : 3.25167e-26
-0.17 : 1.37454e-24
-0.15 : 4.53931e-23
-0.13 : 1.21922e-21
-0.11 : 2.73788e-20
-0.09 : 5.24411e-19
-0.07 : 8.69782e-18
-0.05 : 1.26395e-16
-0.03 : 1.62436e-15
-0.01 : 1.86013e-14
0.01 : 1.90982e-13
0.03 : 1.76704e-12
0.05 : 1.47958e-11
0.07 : 1.12511e-10
0.09 : 7.79275e-10
0.11 : 4.92803e-09
0.13 : 2.85104e-08
0.15 : 1.51139e-07
0.17 : 7.35084e-07
0.19 : 3.28321e-06
0.21 : 1.34757e-05
0.23 : 5.08482e-05
0.25 : 0.00017642
0.27 : 0.000562794
0.29 : 0.00165036
0.31 : 0.00444698
0.33 : 0.0110045
0.35 : 0.024994
0.37 : 0.0520705
0.39 : 0.0994542
0.41 : 0.174119
0.43 : 0.279529
0.45 : 0.412044
0.47 : 0.559284
0.49 : 0.702543
0.51 : 0.823183
0.53 : 0.909796
0.55 : 0.961764
0.57 : 0.987114
0.59 : 0.996771
0.61 : 0.999466
0.63 : 0.999956
0.65 : 1
0.67 : 0.999999
0.69 : 0.999997
0.71 : 0.999987
0.73 : 0.999949
0.75 : 0.999824
0.77 : 0.999437
0.79 : 0.99835
0.81 : 0.995553
0.83 : 0.988995
0.85 : 0.975006
0.87 : 0.94793
0.89 : 0.900546
0.91 : 0.825881
0.93 : 0.720471
0.95 : 0.587956
0.97 : 0.440716
0.99 : 0.297457
1.01 : 0.101752
1.03 : 0.0440102
1.05 : 0.0151392
