Number of X cells : 100
Number of ghost cells : 3
Time : 1.52
-1.05 : 0.000199595
-1.03 : 0.00045941
-1.01 : 0.00101257
-0.99 : 0.00123734
-0.97 : 0.00257194
-0.95 : 0.00511793
-0.93 : 0.00974702
-0.91 : 0.0177616
-0.89 : 0.030962
-0.87 : 0.0516235
-0.85 : 0.0823206
-0.83 : 0.125556
-0.81 : 0.183203
-0.79 : 0.255854
-0.77 : 0.342251
-0.75 : 0.439014
-0.73 : 0.540871
-0.71 : 0.641404
-0.69 : 0.734204
-0.67 : 0.814083
-0.65 : 0.877985
-0.63 : 0.925319
-0.61 : 0.957642
-0.59 : 0.977884
-0.57 : 0.989431
-0.55 : 0.995359
-0.53 : 0.998
-0.51 : 0.998834
-0.49 : 0.998586
-0.47 : 0.997384
-0.45 : 0.994873
-0.43 : 0.990251
-0.41 : 0.982238
-0.39 : 0.969038
-0.37 : 0.948376
-0.35 : 0.917679
-0.33 : 0.874444
-0.31 : 0.816797
-0.29 : 0.744146
-0.27 : 0.657749
-0.25 : 0.560986
-0.23 : 0.459129
-0.21 : 0.358596
-0.19 : 0.265796
-0.17 : 0.185917
-0.15 : 0.122014
-0.13 : 0.0746784
-0.11 : 0.0423517
-0.09 : 0.0220988
-0.07 : 0.0105258
-0.05 : 0.00453501
-0.03 : 0.00174861
-0.01 : 0.000595615
0.01 : 0.000176344
0.03 : 4.44388e-05
0.05 : 9.26406e-06
0.07 : 1.53334e-06
0.09 : 1.88866e-07
0.11 : 1.53859e-08
0.13 : 6.21654e-10
0.15 : 7.97691e-35
0.17 : 1.14468e-33
0.19 : 1.54726e-32
0.21 : 1.97375e-31
0.23 : 2.3802e-30
0.25 : 2.71771e-29
0.27 : 2.94221e-28
0.29 : 3.024e-27
0.31 : 2.95419e-26
0.33 : 2.74604e-25
0.35 : 2.43115e-24
0.37 : 2.05183e-23
0.39 : 1.65215e-22
0.41 : 1.27018e-21
0.43 : 9.32989e-21
0.45 : 6.55176e-20
0.47 : 4.40102e-19
0.49 : 2.82934e-18
0.51 : 1.74163e-17
0.53 : 1.02694e-16
0.55 : 5.80248e-16
0.57 : 3.14274e-15
0.59 : 1.63212e-14
0.61 : 8.12943e-14
0.63 : 3.8844e-13
0.65 : 1.78083e-12
0.67 : 7.83472e-12
0.69 : 3.30807e-11
0.71 : 1.34065e-10
0.73 : 5.21513e-10
0.75 : 1.94732e-09
0.77 : 6.9796e-09
0.79 : 2.40119e-08
0.81 : 7.92866e-08
0.83 : 2.51252e-07
0.85 : 7.64022e-07
0.87 : 2.22908e-06
0.89 : 6.23871e-06
0.91 : 1.67467e-05
0.93 : 4.31058e-05
0.95 : 0.000106367
0.97 : 0.000251558
0.99 : 0.000570041
1.01 : 0.00213644
1.03 : 0.00431393
1.05 : 0.00833393
