Number of X cells : 100
Number of ghost cells : 3
Time : 0.96
-1.05 : 0.999777
-1.03 : 0.999385
-1.01 : 0.998409
-0.99 : 0.997956
-0.97 : 0.995174
-0.95 : 0.989332
-0.93 : 0.977932
-0.91 : 0.957303
-0.89 : 0.922761
-0.87 : 0.869379
-0.85 : 0.793458
-0.83 : 0.694431
-0.81 : 0.57644
-0.79 : 0.448617
-0.77 : 0.323403
-0.75 : 0.213215
-0.73 : 0.126792
-0.71 : 0.0669616
-0.69 : 0.0308373
-0.67 : 0.0121062
-0.65 : 0.00393259
-0.63 : 0.00101346
-0.61 : 0.000194052
-0.59 : 2.45199e-05
-0.57 : 1.5325e-06
-0.55 : 0
-0.53 : 0
-0.51 : 0
-0.49 : 0
-0.47 : 0
-0.45 : 0
-0.43 : 0
-0.41 : 0
-0.39 : 0
-0.37 : 0
-0.35 : 0
-0.33 : 0
-0.31 : 0
-0.29 : 0
-0.27 : 0
-0.25 : 1.15292e-42
-0.23 : 2.77854e-40
-0.21 : 3.29286e-38
-0.19 : 2.55792e-36
-0.17 : 1.46482e-34
-0.15 : 6.5943e-33
-0.13 : 2.43014e-31
-0.11 : 7.53826e-30
-0.09 : 2.00862e-28
-0.07 : 4.66879e-27
-0.05 : 9.58146e-26
-0.03 : 1.75301e-24
-0.01 : 2.88205e-23
0.01 : 4.28587e-22
0.03 : 5.79688e-21
0.05 : 7.1648e-20
0.07 : 8.12473e-19
0.09 : 8.48219e-18
0.11 : 8.17706e-17
0.13 : 7.29794e-16
0.15 : 6.04359e-15
0.17 : 4.65296e-14
0.19 : 3.33613e-13
0.21 : 2.23086e-12
0.23 : 1.39305e-11
0.25 : 8.13206e-11
0.27 : 4.4419e-10
0.29 : 2.27198e-09
0.31 : 1.08887e-08
0.33 : 4.89211e-08
0.35 : 2.06122e-07
0.37 : 8.1464e-07
0.39 : 3.02052e-06
0.41 : 1.05071e-05
0.43 : 3.42882e-05
0.45 : 0.000104952
0.47 : 0.00030124
0.49 : 0.000810527
0.51 : 0.00204354
0.53 : 0.00482572
0.55 : 0.0106683
0.57 : 0.0220685
0.59 : 0.0426973
0.61 : 0.0772386
0.63 : 0.130621
0.65 : 0.206542
0.67 : 0.305569
0.69 : 0.42356
0.71 : 0.551383
0.73 : 0.676597
0.75 : 0.786785
0.77 : 0.873208
0.79 : 0.933038
0.81 : 0.969163
0.83 : 0.987894
0.85 : 0.996067
0.87 : 0.998986
0.89 : 0.999803
0.91 : 0.999965
0.93 : 0.999964
0.95 : 0.999895
0.97 : 0.999699
0.99 : 0.999189
1.01 : 0.996148
1.03 : 0.991279
1.05 : 0.981542
