Number of X cells : 100
Number of ghost cells : 3
Time : 1.44
-1.05 : 0.00355054
-1.03 : 0.00706111
-1.01 : 0.0134028
-0.99 : 0.0155771
-0.97 : 0.0278074
-0.95 : 0.047376
-0.93 : 0.0770253
-0.91 : 0.119508
-0.89 : 0.176984
-0.87 : 0.250288
-0.85 : 0.338252
-0.83 : 0.437366
-0.81 : 0.541987
-0.79 : 0.645175
-0.77 : 0.739996
-0.75 : 0.820909
-0.73 : 0.884789
-0.71 : 0.931245
-0.69 : 0.962215
-0.67 : 0.981026
-0.65 : 0.991358
-0.63 : 0.996424
-0.61 : 0.998559
-0.59 : 0.999177
-0.57 : 0.99893
-0.55 : 0.997903
-0.53 : 0.995743
-0.51 : 0.99167
-0.49 : 0.984423
-0.47 : 0.972193
-0.45 : 0.952624
-0.43 : 0.922975
-0.41 : 0.880492
-0.39 : 0.823016
-0.37 : 0.749712
-0.35 : 0.661748
-0.33 : 0.562634
-0.31 : 0.458013
-0.29 : 0.354825
-0.27 : 0.260004
-0.25 : 0.17909
-0.23 : 0.115211
-0.21 : 0.0687532
-0.19 : 0.0377814
-0.17 : 0.018963
-0.15 : 0.00861294
-0.13 : 0.00350178
-0.11 : 0.00125786
-0.09 : 0.000392737
-0.07 : 0.000104361
-0.05 : 2.29376e-05
-0.03 : 4.00189e-06
-0.01 : 5.1946e-07
0.01 : 4.45827e-08
0.03 : 1.89714e-09
0.05 : 6.40189e-38
0.07 : 1.20539e-36
0.09 : 2.10786e-35
0.11 : 3.43466e-34
0.13 : 5.23018e-33
0.15 : 7.46216e-32
0.17 : 9.9984e-31
0.19 : 1.26071e-29
0.21 : 1.49876e-28
0.23 : 1.68271e-27
0.25 : 1.78694e-26
0.27 : 1.79737e-25
0.29 : 1.71448e-24
0.31 : 1.55272e-23
0.33 : 1.33649e-22
0.35 : 1.09438e-21
0.37 : 8.53227e-21
0.39 : 6.33867e-20
0.41 : 4.4903e-19
0.43 : 3.03511e-18
0.45 : 1.9586e-17
0.47 : 1.2073e-16
0.49 : 7.11195e-16
0.51 : 4.00537e-15
0.53 : 2.15743e-14
0.55 : 1.11176e-13
0.57 : 5.48256e-13
0.59 : 2.58796e-12
0.61 : 1.16955e-11
0.63 : 5.06095e-11
0.65 : 2.09725e-10
0.67 : 8.32349e-10
0.69 : 3.16388e-09
0.71 : 1.15185e-08
0.73 : 4.0163e-08
0.75 : 1.34117e-07
0.77 : 4.28874e-07
0.79 : 1.31315e-06
0.81 : 3.84917e-06
0.83 : 1.07998e-05
0.85 : 2.89977e-05
0.87 : 7.44925e-05
0.89 : 0.000183041
0.91 : 0.000430084
0.93 : 0.00096604
0.95 : 0.00207368
0.97 : 0.00425265
0.99 : 0.00832944
1.01 : 0.0242742
1.03 : 0.0419403
1.05 : 0.0691188
