Number of X cells : 100
Number of ghost cells : 3
Time : 1.84
-1.05 : 5.00354e-11
-1.03 : 1.79482e-10
-1.01 : 6.22108e-10
-0.99 : 9.14381e-10
-0.97 : 3.01509e-09
-0.95 : 9.6081e-09
-0.93 : 2.95869e-08
-0.91 : 8.80324e-08
-0.89 : 2.53055e-07
-0.87 : 7.02682e-07
-0.85 : 1.88456e-06
-0.83 : 4.88086e-06
-0.81 : 1.22052e-05
-0.79 : 2.94624e-05
-0.77 : 6.8641e-05
-0.75 : 0.000154312
-0.73 : 0.000334671
-0.71 : 0.000700074
-0.69 : 0.00141214
-0.67 : 0.00274614
-0.65 : 0.00514734
-0.63 : 0.00929756
-0.61 : 0.0161809
-0.59 : 0.0271278
-0.57 : 0.0438088
-0.55 : 0.0681435
-0.53 : 0.102099
-0.51 : 0.147373
-0.49 : 0.204994
-0.47 : 0.274916
-0.45 : 0.355715
-0.43 : 0.444506
-0.41 : 0.537156
-0.39 : 0.628811
-0.37 : 0.714615
-0.35 : 0.790482
-0.33 : 0.853704
-0.31 : 0.903233
-0.29 : 0.93961
-0.27 : 0.964568
-0.25 : 0.980482
-0.23 : 0.989805
-0.21 : 0.994658
-0.19 : 0.99658
-0.17 : 0.996462
-0.15 : 0.99457
-0.13 : 0.990612
-0.11 : 0.983794
-0.09 : 0.972866
-0.07 : 0.95619
-0.05 : 0.931856
-0.03 : 0.897901
-0.01 : 0.852627
0.01 : 0.795006
0.03 : 0.725084
0.05 : 0.644285
0.07 : 0.555494
0.09 : 0.462843
0.11 : 0.371189
0.13 : 0.285385
0.15 : 0.209516
0.17 : 0.146291
0.19 : 0.096755
0.21 : 0.0603609
0.23 : 0.0353629
0.25 : 0.0193642
0.27 : 0.00985998
0.29 : 0.004642
0.31 : 0.00200767
0.33 : 0.000791833
0.35 : 0.000282337
0.37 : 9.00748e-05
0.39 : 2.53884e-05
0.41 : 6.22203e-06
0.43 : 1.29856e-06
0.45 : 2.24351e-07
0.47 : 3.07997e-08
0.49 : 3.14953e-09
0.51 : 2.13224e-10
0.53 : 7.16718e-12
0.55 : 8.34896e-26
0.57 : 6.14459e-25
0.59 : 4.35653e-24
0.61 : 2.97678e-23
0.63 : 1.96096e-22
0.65 : 1.24581e-21
0.67 : 7.63539e-21
0.69 : 4.51572e-20
0.71 : 2.57781e-19
0.73 : 1.4207e-18
0.75 : 7.56092e-18
0.77 : 3.8864e-17
0.79 : 1.92971e-16
0.81 : 9.25709e-16
0.83 : 4.29087e-15
0.85 : 1.922e-14
0.87 : 8.32018e-14
0.89 : 3.48109e-13
0.91 : 1.40774e-12
0.93 : 5.50257e-12
0.95 : 2.079e-11
0.97 : 7.59248e-11
0.99 : 2.68007e-10
1.01 : 2.08347e-09
1.03 : 6.74158e-09
1.05 : 2.10742e-08
