Number of X cells : 100
Number of ghost cells : 3
Time : 1.76
-1.05 : 3.49391e-09
-1.03 : 1.14014e-08
-1.01 : 3.58893e-08
-0.99 : 5.05042e-08
-0.97 : 1.50982e-07
-0.95 : 4.35411e-07
-0.93 : 1.21113e-06
-0.91 : 3.24883e-06
-0.89 : 8.40302e-06
-0.87 : 2.09524e-05
-0.85 : 5.03536e-05
-0.83 : 0.00011661
-0.81 : 0.000260166
-0.79 : 0.000559076
-0.77 : 0.0011569
-0.75 : 0.00230471
-0.73 : 0.00441911
-0.71 : 0.00815363
-0.69 : 0.0144736
-0.67 : 0.0247135
-0.65 : 0.0405854
-0.63 : 0.0640993
-0.61 : 0.0973629
-0.59 : 0.142249
-0.57 : 0.199959
-0.55 : 0.270569
-0.53 : 0.352674
-0.51 : 0.443273
-0.49 : 0.537989
-0.47 : 0.631642
-0.45 : 0.719051
-0.43 : 0.795893
-0.41 : 0.85937
-0.39 : 0.90851
-0.37 : 0.944049
-0.35 : 0.96797
-0.33 : 0.982873
-0.31 : 0.991371
-0.29 : 0.995658
-0.27 : 0.997284
-0.25 : 0.997114
-0.23 : 0.995387
-0.21 : 0.991789
-0.19 : 0.985512
-0.17 : 0.975283
-0.15 : 0.959414
-0.13 : 0.935901
-0.11 : 0.902637
-0.09 : 0.857751
-0.07 : 0.800041
-0.05 : 0.729431
-0.03 : 0.647326
-0.01 : 0.556727
0.01 : 0.46201
0.03 : 0.368358
0.05 : 0.280949
0.07 : 0.204106
0.09 : 0.140627
0.11 : 0.0914819
0.13 : 0.0559302
0.15 : 0.0319795
0.17 : 0.0170103
0.19 : 0.00836836
0.21 : 0.00378282
0.23 : 0.00155952
0.25 : 0.000581273
0.27 : 0.000193848
0.29 : 5.71094e-05
0.31 : 1.46275e-05
0.33 : 3.1901e-06
0.35 : 5.75835e-07
0.37 : 8.25769e-08
0.39 : 8.81872e-09
0.41 : 6.23366e-10
0.43 : 2.18725e-11
0.45 : 1.07225e-27
0.47 : 8.98434e-27
0.49 : 7.22811e-26
0.51 : 5.58666e-25
0.53 : 4.15044e-24
0.55 : 2.9652e-23
0.57 : 2.03809e-22
0.59 : 1.34827e-21
0.61 : 8.58765e-21
0.63 : 5.2682e-20
0.65 : 3.11369e-19
0.67 : 1.77351e-18
0.69 : 9.73753e-18
0.71 : 5.15486e-17
0.73 : 2.63164e-16
0.75 : 1.29585e-15
0.77 : 6.15553e-15
0.79 : 2.8211e-14
0.81 : 1.24756e-13
0.83 : 5.32389e-13
0.85 : 2.19257e-12
0.87 : 8.71471e-12
0.89 : 3.34302e-11
0.91 : 1.23769e-10
0.93 : 4.42254e-10
0.95 : 1.5251e-09
0.97 : 5.07542e-09
0.99 : 1.6299e-08
1.01 : 1.08964e-07
1.03 : 3.19054e-07
1.05 : 9.00841e-07
