Number of X cells : 100
Number of ghost cells : 3
Time : 0.5
-1.05 : 0
-1.03 : 0
-1.01 : 0
-0.99 : 0
-0.97 : 0
-0.95 : 0
-0.93 : 0
-0.91 : 0
-0.89 : 0
-0.87 : 0
-0.85 : 0
-0.83 : 0
-0.81 : 0
-0.79 : 0
-0.77 : 0
-0.75 : 0
-0.73 : 0
-0.71 : 0
-0.69 : 0
-0.67 : 0
-0.65 : 0
-0.63 : 0
-0.61 : 0
-0.59 : 0
-0.57 : 0
-0.55 : 0
-0.53 : 0
-0.51 : 0
-0.49 : 0
-0.47 : 0
-0.45 : 0
-0.43 : 0
-0.41 : 0
-0.39 : 0
-0.37 : 0
-0.35 : 0
-0.33 : 0
-0.31 : 0
-0.29 : 0
-0.27 : 0
-0.25 : 1.71799e-22
-0.23 : 2.15178e-20
-0.21 : 1.30503e-18
-0.19 : 5.10476e-17
-0.17 : 1.44725e-15
-0.15 : 3.16843e-14
-0.13 : 5.57269e-13
-0.11 : 8.08839e-12
-0.09 : 9.87579e-11
-0.07 : 1.02889e-09
-0.05 : 9.24565e-09
-0.03 : 7.22559e-08
-0.01 : 4.94261e-07
0.01 : 2.97389e-06
0.03 : 1.57978e-05
0.05 : 7.4295e-05
0.07 : 0.000309914
0.09 : 0.00114804
0.11 : 0.00377871
0.13 : 0.0110517
0.15 : 0.0287119
0.17 : 0.066222
0.19 : 0.13553
0.21 : 0.246131
0.23 : 0.397132
0.25 : 0.571339
0.27 : 0.738406
0.29 : 0.868651
0.31 : 0.948641
0.33 : 0.985578
0.35 : 0.997475
0.37 : 0.999802
0.39 : 1
0.41 : 1
0.43 : 1
0.45 : 1
0.47 : 1
0.49 : 1
0.51 : 0.999997
0.53 : 0.999984
0.55 : 0.999926
0.57 : 0.99969
0.59 : 0.998852
0.61 : 0.996221
0.63 : 0.988948
0.65 : 0.971288
0.67 : 0.933778
0.69 : 0.86447
0.71 : 0.753869
0.73 : 0.602868
0.75 : 0.428661
0.77 : 0.261594
0.79 : 0.131349
0.81 : 0.051359
0.83 : 0.014422
0.85 : 0.0025254
0.87 : 0.00019807
0.89 : 0
0.91 : 0
0.93 : 0
0.95 : 0
0.97 : 0
0.99 : 0
1.01 : 0
1.03 : 0
1.05 : 0
