Number of X cells : 100
Number of ghost cells : 3
Time : 0.56
-1.05 : 0
-1.03 : 0
-1.01 : 0
-0.99 : 0
-0.97 : 0
-0.95 : 0
-0.93 : 0
-0.91 : 0
-0.89 : 0
-0.87 : 0
-0.85 : 0
-0.83 : 0
-0.81 : 0
-0.79 : 0
-0.77 : 0
-0.75 : 0
-0.73 : 0
-0.71 : 0
-0.69 : 0
-0.67 : 0
-0.65 : 0
-0.63 : 0
-0.61 : 0
-0.59 : 0
-0.57 : 0
-0.55 : 0
-0.53 : 0
-0.51 : 0
-0.49 : 0
-0.47 : 0
-0.45 : 0
-0.43 : 0
-0.41 : 0
-0.39 : 0
-0.37 : 0
-0.35 : 0
-0.33 : 0
-0.31 : 0
-0.29 : 0
-0.27 : 0
-0.25 : 3.43597e-25
-0.23 : 4.84472e-23
-0.21 : 3.31949e-21
-0.19 : 1.47246e-19
-0.17 : 4.75288e-18
-0.15 : 1.18973e-16
-0.13 : 2.40337e-15
-0.11 : 4.0259e-14
-0.09 : 5.70239e-13
-0.07 : 6.92999e-12
-0.05 : 7.30714e-11
-0.03 : 6.74357e-10
-0.01 : 5.48464e-09
0.01 : 3.95267e-08
0.03 : 2.53505e-07
0.05 : 1.45178e-06
0.07 : 7.44318e-06
0.09 : 3.42283e-05
0.11 : 0.000141369
0.13 : 0.000524818
0.15 : 0.00175186
0.17 : 0.00525768
0.19 : 0.0141816
0.21 : 0.0343574
0.23 : 0.074709
0.25 : 0.145728
0.27 : 0.254988
0.29 : 0.400667
0.31 : 0.567158
0.33 : 0.727908
0.35 : 0.856508
0.37 : 0.939476
0.39 : 0.98096
0.41 : 0.996045
0.43 : 0.999594
0.45 : 1
0.47 : 1
0.49 : 1
0.51 : 1
0.53 : 1
0.55 : 0.999999
0.57 : 0.999993
0.59 : 0.999966
0.61 : 0.999859
0.63 : 0.999475
0.65 : 0.998248
0.67 : 0.994742
0.69 : 0.985818
0.71 : 0.965643
0.73 : 0.925291
0.75 : 0.854272
0.77 : 0.745012
0.79 : 0.599333
0.81 : 0.432842
0.83 : 0.272092
0.85 : 0.143492
0.87 : 0.060524
0.89 : 0.0190401
0.91 : 0.00395507
0.93 : 0.000405648
0.95 : 0
0.97 : 0
0.99 : 0
1.01 : 0
1.03 : 0
1.05 : 0
