Number of X cells : 100
Number of ghost cells : 3
Time : 1.12
-1.05 : 0.951038
-1.03 : 0.977281
-1.01 : 0.990825
-0.99 : 0.992029
-0.97 : 0.997294
-0.95 : 0.99923
-0.93 : 0.999797
-0.91 : 0.999874
-0.89 : 0.999732
-0.87 : 0.999327
-0.85 : 0.998383
-0.83 : 0.996332
-0.81 : 0.992143
-0.79 : 0.984113
-0.77 : 0.969692
-0.75 : 0.945465
-0.73 : 0.907461
-0.71 : 0.851917
-0.69 : 0.776462
-0.67 : 0.681444
-0.65 : 0.570877
-0.63 : 0.452413
-0.61 : 0.336027
-0.59 : 0.231681
-0.57 : 0.146789
-0.55 : 0.0845354
-0.53 : 0.0437132
-0.51 : 0.02001
-0.49 : 0.00797024
-0.47 : 0.00270286
-0.45 : 0.00075798
-0.43 : 0.000168623
-0.41 : 2.7881e-05
-0.39 : 3.04418e-06
-0.37 : 1.6455e-07
-0.35 : 0
-0.33 : 0
-0.31 : 0
-0.29 : 0
-0.27 : 0
-0.25 : 1.18059e-49
-0.23 : 3.31746e-47
-0.21 : 4.59498e-45
-0.19 : 4.18199e-43
-0.17 : 2.81296e-41
-0.15 : 1.49129e-39
-0.13 : 6.48951e-38
-0.11 : 2.38366e-36
-0.09 : 7.54248e-35
-0.07 : 2.08812e-33
-0.05 : 5.11978e-32
-0.03 : 1.12268e-30
-0.01 : 2.21952e-29
0.01 : 3.98258e-28
0.03 : 6.52271e-27
0.05 : 9.79813e-26
0.07 : 1.35554e-24
0.09 : 1.73339e-23
0.11 : 2.05523e-22
0.13 : 2.2657e-21
0.15 : 2.32795e-20
0.17 : 2.23411e-19
0.19 : 2.0064e-18
0.21 : 1.68905e-17
0.23 : 1.33483e-16
0.25 : 9.91601e-16
0.27 : 6.93242e-15
0.29 : 4.56577e-14
0.31 : 2.83542e-13
0.33 : 1.66163e-12
0.35 : 9.19517e-12
0.37 : 4.8078e-11
0.39 : 2.37632e-10
0.41 : 1.11073e-09
0.43 : 4.91126e-09
0.45 : 2.05477e-08
0.47 : 8.13563e-08
0.49 : 3.04869e-07
0.51 : 1.08128e-06
0.53 : 3.6295e-06
0.55 : 1.1529e-05
0.57 : 3.46495e-05
0.59 : 9.8506e-05
0.61 : 0.00026483
0.63 : 0.00067308
0.65 : 0.00161659
0.67 : 0.0036677
0.69 : 0.0078572
0.71 : 0.0158871
0.73 : 0.0303081
0.75 : 0.0545354
0.77 : 0.092539
0.79 : 0.148083
0.81 : 0.223538
0.83 : 0.318556
0.85 : 0.429123
0.87 : 0.547587
0.89 : 0.663973
0.91 : 0.768319
0.93 : 0.853211
0.95 : 0.915465
0.97 : 0.956287
0.99 : 0.97999
1.01 : 0.996843
1.03 : 0.999095
1.05 : 0.999773
