Number of X cells : 100
Number of ghost cells : 3
Time : 0.4
-1.05 : 0
-1.03 : 0
-1.01 : 0
-0.99 : 0
-0.97 : 0
-0.95 : 0
-0.93 : 0
-0.91 : 0
-0.89 : 0
-0.87 : 0
-0.85 : 0
-0.83 : 0
-0.81 : 0
-0.79 : 0
-0.77 : 0
-0.75 : 0
-0.73 : 0
-0.71 : 0
-0.69 : 0
-0.67 : 0
-0.65 : 0
-0.63 : 0
-0.61 : 0
-0.59 : 0
-0.57 : 0
-0.55 : 0
-0.53 : 0
-0.51 : 0
-0.49 : 0
-0.47 : 0
-0.45 : 0
-0.43 : 0
-0.41 : 0
-0.39 : 0
-0.37 : 0
-0.35 : 0
-0.33 : 0
-0.31 : 0
-0.29 : 0
-0.27 : 0
-0.25 : 3.35544e-18
-0.23 : 3.389e-16
-0.21 : 1.6445e-14
-0.19 : 5.10366e-13
-0.17 : 1.13766e-11
-0.15 : 1.9393e-10
-0.13 : 2.62797e-09
-0.11 : 2.90547e-08
-0.09 : 2.66896e-07
-0.07 : 2.06392e-06
-0.05 : 1.35648e-05
-0.03 : 7.62972e-05
-0.01 : 0.000369048
0.01 : 0.00154005
0.03 : 0.00555492
0.05 : 0.0173319
0.07 : 0.0467742
0.09 : 0.109123
0.11 : 0.219965
0.13 : 0.383311
0.15 : 0.579326
0.17 : 0.766007
0.19 : 0.901775
0.21 : 0.97261
0.23 : 0.996222
0.25 : 1
0.27 : 1
0.29 : 1
0.31 : 1
0.33 : 1
0.35 : 1
0.37 : 1
0.39 : 1
0.41 : 1
0.43 : 0.999998
0.45 : 0.999986
0.47 : 0.999924
0.49 : 0.999631
0.51 : 0.99846
0.53 : 0.994445
0.55 : 0.982668
0.57 : 0.953226
0.59 : 0.890877
0.61 : 0.780035
0.63 : 0.616689
0.65 : 0.420674
0.67 : 0.233993
0.69 : 0.0982252
0.71 : 0.0273897
0.73 : 0.00377789
0.75 : 0
0.77 : 0
0.79 : 0
0.81 : 0
0.83 : 0
0.85 : 0
0.87 : 0
0.89 : 0
0.91 : 0
0.93 : 0
0.95 : 0
0.97 : 0
0.99 : 0
1.01 : 0
1.03 : 0
1.05 : 0
