Number of X cells : 100
Number of ghost cells : 3
Time : 0.64
-1.05 : 0.0332073
-1.03 : 0.00948113
-1.01 : 0.00178615
-0.99 : 0.00146215
-0.97 : 0.000132923
-0.95 : 0
-0.93 : 0
-0.91 : 0
-0.89 : 0
-0.87 : 0
-0.85 : 0
-0.83 : 0
-0.81 : 0
-0.79 : 0
-0.77 : 0
-0.75 : 0
-0.73 : 0
-0.71 : 0
-0.69 : 0
-0.67 : 0
-0.65 : 0
-0.63 : 0
-0.61 : 0
-0.59 : 0
-0.57 : 0
-0.55 : 0
-0.53 : 0
-0.51 : 0
-0.49 : 0
-0.47 : 0
-0.45 : 0
-0.43 : 0
-0.41 : 0
-0.39 : 0
-0.37 : 0
-0.35 : 0
-0.33 : 0
-0.31 : 0
-0.29 : 0
-0.27 : 0
-0.25 : 1.09951e-28
-0.23 : 1.77021e-26
-0.21 : 1.38989e-24
-0.19 : 7.09142e-23
-0.17 : 2.64331e-21
-0.15 : 7.67284e-20
-0.13 : 1.80538e-18
-0.11 : 3.53906e-17
-0.09 : 5.89547e-16
-0.07 : 8.47089e-15
-0.05 : 1.06199e-13
-0.03 : 1.17233e-12
-0.01 : 1.14783e-11
0.01 : 1.00268e-10
0.03 : 7.85215e-10
0.05 : 5.53419e-09
0.07 : 3.52153e-08
0.09 : 2.02826e-07
0.11 : 1.0595e-06
0.13 : 5.02727e-06
0.15 : 2.16919e-05
0.17 : 8.51762e-05
0.19 : 0.000304485
0.21 : 0.000991019
0.23 : 0.0029362
0.25 : 0.00791585
0.27 : 0.0194074
0.29 : 0.0432416
0.31 : 0.0875052
0.33 : 0.160769
0.35 : 0.268223
0.37 : 0.406873
0.39 : 0.562854
0.41 : 0.714109
0.43 : 0.838671
0.45 : 0.924086
0.47 : 0.971538
0.49 : 0.992058
0.51 : 0.998538
0.53 : 0.999867
0.55 : 1
0.57 : 1
0.59 : 1
0.61 : 0.999999
0.63 : 0.999995
0.65 : 0.999978
0.67 : 0.999915
0.69 : 0.999696
0.71 : 0.999009
0.73 : 0.997064
0.75 : 0.992084
0.77 : 0.980593
0.79 : 0.956758
0.81 : 0.912495
0.83 : 0.839231
0.85 : 0.731777
0.87 : 0.593127
0.89 : 0.437146
0.91 : 0.285891
0.93 : 0.161329
0.95 : 0.0759145
0.97 : 0.0284621
0.99 : 0.00794214
1.01 : 0.000166153
1.03 : 0
1.05 : 0
