Number of X cells : 100
Number of ghost cells : 3
Time : 1.36
-1.05 : 0.0379075
-1.03 : 0.063883
-1.01 : 0.102427
-0.99 : 0.113195
-0.97 : 0.1704
-0.95 : 0.244326
-0.93 : 0.333933
-0.91 : 0.435577
-0.89 : 0.5432
-0.87 : 0.649264
-0.85 : 0.746236
-0.83 : 0.828184
-0.81 : 0.891922
-0.79 : 0.937323
-0.77 : 0.966772
-0.75 : 0.984045
-0.73 : 0.993126
-0.71 : 0.997346
-0.69 : 0.999011
-0.67 : 0.999443
-0.65 : 0.999209
-0.63 : 0.998354
-0.61 : 0.996531
-0.59 : 0.992995
-0.57 : 0.98652
-0.55 : 0.975297
-0.53 : 0.956897
-0.51 : 0.928408
-0.49 : 0.886805
-0.47 : 0.8296
-0.45 : 0.755674
-0.43 : 0.666067
-0.41 : 0.564423
-0.39 : 0.4568
-0.37 : 0.350736
-0.35 : 0.253764
-0.33 : 0.171816
-0.31 : 0.108078
-0.29 : 0.0626761
-0.27 : 0.0332261
-0.25 : 0.0159487
-0.23 : 0.0068554
-0.21 : 0.00260397
-0.19 : 0.000859794
-0.17 : 0.000241604
-0.15 : 5.61474e-05
-0.13 : 1.03556e-05
-0.11 : 1.42062e-06
-0.09 : 1.28819e-07
-0.07 : 5.7896e-09
-0.05 : 1.31235e-41
-0.03 : 3.59307e-40
-0.01 : 8.8985e-39
0.01 : 2.00702e-37
0.03 : 4.14637e-36
0.05 : 7.8851e-35
0.07 : 1.38618e-33
0.09 : 2.26111e-32
0.11 : 3.43343e-31
0.13 : 4.86735e-30
0.15 : 6.45843e-29
0.17 : 8.03937e-28
0.19 : 9.40731e-27
0.21 : 1.0367e-25
0.23 : 1.07772e-24
0.25 : 1.05845e-23
0.27 : 9.8339e-23
0.29 : 8.65379e-22
0.31 : 7.22085e-21
0.33 : 5.7188e-20
0.35 : 4.30276e-19
0.37 : 3.078e-18
0.39 : 2.09501e-17
0.41 : 1.35765e-16
0.43 : 8.38162e-16
0.45 : 4.93213e-15
0.47 : 2.76764e-14
0.49 : 1.4816e-13
0.51 : 7.56917e-13
0.53 : 3.69144e-12
0.55 : 1.71902e-11
0.57 : 7.64533e-11
0.59 : 3.24794e-10
0.61 : 1.31816e-09
0.63 : 5.11099e-09
0.65 : 1.89338e-08
0.67 : 6.7013e-08
0.69 : 2.26595e-07
0.71 : 7.31938e-07
0.73 : 2.25828e-06
0.75 : 6.65415e-06
0.77 : 1.87212e-05
0.79 : 5.02813e-05
0.81 : 0.000128884
0.83 : 0.000315201
0.85 : 0.000735261
0.87 : 0.00163539
0.89 : 0.00346723
0.91 : 0.00700458
0.93 : 0.0134797
0.95 : 0.0247033
0.97 : 0.0431026
0.99 : 0.0715919
1.01 : 0.156267
1.03 : 0.226932
1.05 : 0.313903
