Number of X cells : 100
Number of ghost cells : 3
Time : 0.8
-1.05 : 0.903376
-1.03 : 0.833565
-1.01 : 0.735454
-0.99 : 0.710668
-0.97 : 0.583559
-0.95 : 0.44374
-0.93 : 0.307332
-0.91 : 0.19041
-0.89 : 0.103398
-0.87 : 0.0480272
-0.85 : 0.018496
-0.83 : 0.00565636
-0.81 : 0.00128541
-0.79 : 0.000192678
-0.77 : 1.42725e-05
-0.75 : 0
-0.73 : 0
-0.71 : 0
-0.69 : 0
-0.67 : 0
-0.65 : 0
-0.63 : 0
-0.61 : 0
-0.59 : 0
-0.57 : 0
-0.55 : 0
-0.53 : 0
-0.51 : 0
-0.49 : 0
-0.47 : 0
-0.45 : 0
-0.43 : 0
-0.41 : 0
-0.39 : 0
-0.37 : 0
-0.35 : 0
-0.33 : 0
-0.31 : 0
-0.29 : 0
-0.27 : 0
-0.25 : 1.1259e-35
-0.23 : 2.26306e-33
-0.21 : 2.22939e-31
-0.19 : 1.43462e-29
-0.17 : 6.78141e-28
-0.15 : 2.51058e-26
-0.13 : 7.57935e-25
-0.11 : 1.91834e-23
-0.09 : 4.1533e-22
-0.07 : 7.81006e-21
-0.05 : 1.29084e-19
-0.03 : 1.89306e-18
-0.01 : 2.48248e-17
0.01 : 2.9295e-16
0.03 : 3.12741e-15
0.05 : 3.03383e-14
0.07 : 2.68433e-13
0.09 : 2.17319e-12
0.11 : 1.61414e-11
0.13 : 1.10243e-10
0.15 : 6.93675e-10
0.17 : 4.02757e-09
0.19 : 2.16063e-08
0.21 : 1.07207e-07
0.23 : 4.9241e-07
0.25 : 2.09485e-06
0.27 : 8.2581e-06
0.29 : 3.01719e-05
0.31 : 0.000102174
0.33 : 0.000320664
0.35 : 0.000932436
0.37 : 0.0025112
0.39 : 0.00626077
0.41 : 0.0144417
0.43 : 0.0308034
0.45 : 0.0607221
0.47 : 0.110587
0.49 : 0.186057
0.51 : 0.289332
0.53 : 0.416441
0.55 : 0.55626
0.57 : 0.692668
0.59 : 0.80959
0.61 : 0.896602
0.63 : 0.951973
0.65 : 0.981504
0.67 : 0.994344
0.69 : 0.998715
0.71 : 0.999807
0.73 : 0.999985
0.75 : 0.999998
0.77 : 0.999992
0.79 : 0.99997
0.81 : 0.999898
0.83 : 0.999679
0.85 : 0.999068
0.87 : 0.997489
0.89 : 0.993739
0.91 : 0.985558
0.93 : 0.969197
0.95 : 0.939278
0.97 : 0.889413
0.99 : 0.813943
1.01 : 0.611523
1.03 : 0.471704
1.05 : 0.331885
