Number of X cells : 100
Number of ghost cells : 3
Time : 1.68
-1.05 : 1.86638e-07
-1.03 : 5.48817e-07
-1.01 : 1.55357e-06
-0.99 : 2.08944e-06
-0.97 : 5.60608e-06
-0.95 : 1.44788e-05
-0.93 : 3.59886e-05
-0.91 : 8.60709e-05
-0.89 : 0.00019802
-0.87 : 0.000438142
-0.85 : 0.000932107
-0.83 : 0.00190612
-0.81 : 0.00374593
-0.79 : 0.00707271
-0.77 : 0.0128271
-0.75 : 0.0223411
-0.73 : 0.0373632
-0.71 : 0.0599938
-0.69 : 0.0924891
-0.67 : 0.136913
-0.65 : 0.194664
-0.63 : 0.265962
-0.61 : 0.349432
-0.59 : 0.441954
-0.57 : 0.538881
-0.55 : 0.634668
-0.53 : 0.723772
-0.51 : 0.80161
-0.49 : 0.865294
-0.47 : 0.913949
-0.45 : 0.948542
-0.43 : 0.971335
-0.41 : 0.985172
-0.39 : 0.992825
-0.37 : 0.99655
-0.35 : 0.997892
-0.33 : 0.997683
-0.31 : 0.996127
-0.29 : 0.992893
-0.27 : 0.987165
-0.25 : 0.977657
-0.23 : 0.962637
-0.21 : 0.940006
-0.19 : 0.907511
-0.17 : 0.863087
-0.15 : 0.805336
-0.13 : 0.734038
-0.11 : 0.650568
-0.09 : 0.558046
-0.07 : 0.461119
-0.05 : 0.365332
-0.03 : 0.276228
-0.01 : 0.19839
0.01 : 0.134704
0.03 : 0.0860452
0.05 : 0.0514434
0.07 : 0.0286291
0.09 : 0.0147421
0.11 : 0.00697728
0.13 : 0.00301229
0.15 : 0.00117587
0.17 : 0.000410698
0.19 : 0.000126716
0.21 : 3.39872e-05
0.23 : 7.76083e-06
0.25 : 1.46651e-06
0.27 : 2.20111e-07
0.29 : 2.45972e-08
0.31 : 1.81893e-09
0.33 : 6.67496e-11
0.35 : 8.52217e-30
0.37 : 8.28963e-29
0.39 : 7.70857e-28
0.41 : 6.85827e-27
0.43 : 5.84222e-26
0.45 : 4.76827e-25
0.47 : 3.73109e-24
0.49 : 2.80061e-23
0.51 : 2.01764e-22
0.53 : 1.39579e-21
0.55 : 9.27639e-21
0.57 : 5.92509e-20
0.59 : 3.63857e-19
0.61 : 2.14899e-18
0.63 : 1.22107e-17
0.65 : 6.67673e-17
0.67 : 3.51411e-16
0.69 : 1.78068e-15
0.71 : 8.68883e-15
0.73 : 4.08329e-14
0.75 : 1.84838e-13
0.77 : 8.06038e-13
0.79 : 3.3864e-12
0.81 : 1.37079e-11
0.83 : 5.34646e-11
0.85 : 2.00926e-10
0.87 : 7.27574e-10
0.89 : 2.5385e-09
0.91 : 8.53331e-09
0.93 : 2.76354e-08
0.95 : 8.62151e-08
0.97 : 2.59073e-07
0.99 : 7.49768e-07
1.01 : 4.23292e-06
1.03 : 1.10987e-05
1.05 : 2.79992e-05
