Number of X cells : 100
Number of ghost cells : 3
Time : 2
-1.05 : 5.22809e-15
-1.03 : 2.21521e-14
-1.01 : 9.094e-14
-0.99 : 1.45097e-13
-0.97 : 5.68197e-13
-0.95 : 2.15645e-12
-0.93 : 7.93191e-12
-0.91 : 2.82753e-11
-0.89 : 9.76823e-11
-0.87 : 3.27027e-10
-0.85 : 1.06093e-09
-0.83 : 3.335e-09
-0.81 : 1.01572e-08
-0.79 : 2.99696e-08
-0.77 : 8.56586e-08
-0.75 : 2.37133e-07
-0.73 : 6.35748e-07
-0.71 : 1.65041e-06
-0.69 : 4.14803e-06
-0.67 : 1.00917e-05
-0.65 : 2.37623e-05
-0.63 : 5.41412e-05
-0.61 : 0.000119345
-0.59 : 0.000254465
-0.57 : 0.000524707
-0.55 : 0.00104611
-0.53 : 0.00201617
-0.51 : 0.00375559
-0.49 : 0.00676003
-0.47 : 0.0117562
-0.45 : 0.01975
-0.43 : 0.0320483
-0.41 : 0.0502283
-0.39 : 0.0760321
-0.37 : 0.111169
-0.35 : 0.157033
-0.33 : 0.214362
-0.31 : 0.28292
-0.29 : 0.361273
-0.27 : 0.446748
-0.25 : 0.535643
-0.23 : 0.623657
-0.21 : 0.706493
-0.19 : 0.780481
-0.17 : 0.843082
-0.15 : 0.893154
-0.13 : 0.930924
-0.11 : 0.957708
-0.09 : 0.975472
-0.07 : 0.986369
-0.05 : 0.992344
-0.03 : 0.994886
-0.01 : 0.994902
0.01 : 0.992706
0.03 : 0.98805
0.05 : 0.980186
0.07 : 0.967933
0.09 : 0.949767
0.11 : 0.923967
0.13 : 0.88883
0.15 : 0.842967
0.17 : 0.785638
0.19 : 0.71708
0.21 : 0.638727
0.23 : 0.553252
0.25 : 0.464357
0.27 : 0.376343
0.29 : 0.293506
0.31 : 0.219515
0.33 : 0.156908
0.35 : 0.106822
0.37 : 0.0690216
0.39 : 0.0421726
0.41 : 0.0242732
0.43 : 0.0131067
0.45 : 0.00660974
0.47 : 0.00309789
0.49 : 0.00134197
0.51 : 0.000533934
0.53 : 0.000193708
0.55 : 6.35352e-05
0.57 : 1.86479e-05
0.59 : 4.83639e-06
0.61 : 1.0909e-06
0.63 : 2.0961e-07
0.65 : 3.3352e-08
0.67 : 4.21838e-09
0.69 : 3.97579e-10
0.71 : 2.48186e-11
0.73 : 7.6957e-13
0.75 : 1.60819e-22
0.77 : 9.52207e-22
0.79 : 5.45703e-21
0.81 : 3.02761e-20
0.83 : 1.62644e-19
0.85 : 8.46145e-19
0.87 : 4.26365e-18
0.89 : 2.08116e-17
0.91 : 9.84156e-17
0.93 : 4.50922e-16
0.95 : 2.00195e-15
0.97 : 8.61289e-15
0.99 : 3.59097e-14
1.01 : 3.61724e-13
1.03 : 1.39409e-12
1.05 : 5.2059e-12
