Number of X cells : 100
Number of ghost cells : 3
Time : 1.28
-1.05 : 0.220225
-1.03 : 0.3087
-1.01 : 0.411446
-0.99 : 0.433625
-0.97 : 0.544525
-0.95 : 0.653719
-0.93 : 0.752986
-0.91 : 0.835955
-0.89 : 0.899402
-0.87 : 0.943539
-0.85 : 0.971281
-0.83 : 0.986909
-0.81 : 0.994716
-0.79 : 0.998121
-0.77 : 0.999362
-0.75 : 0.999641
-0.73 : 0.99943
-0.71 : 0.998739
-0.69 : 0.997235
-0.67 : 0.994219
-0.65 : 0.988516
-0.63 : 0.978332
-0.61 : 0.961181
-0.59 : 0.933974
-0.57 : 0.893396
-0.55 : 0.836585
-0.53 : 0.76208
-0.51 : 0.670751
-0.49 : 0.566375
-0.47 : 0.455475
-0.45 : 0.346281
-0.43 : 0.247014
-0.41 : 0.164045
-0.39 : 0.100598
-0.37 : 0.0564609
-0.35 : 0.0287176
-0.33 : 0.0130875
-0.31 : 0.00527249
-0.29 : 0.00184673
-0.27 : 0.000550494
-0.25 : 0.000135699
-0.23 : 2.65425e-05
-0.21 : 3.86056e-06
-0.19 : 3.71038e-07
-0.17 : 1.76685e-08
-0.15 : 3.0256e-46
-0.13 : 1.51826e-44
-0.11 : 6.44396e-43
-0.09 : 2.36107e-41
-0.07 : 7.58532e-40
-0.05 : 2.16303e-38
-0.03 : 5.52912e-37
-0.01 : 1.27724e-35
0.01 : 2.68441e-34
0.03 : 5.16268e-33
0.05 : 9.13012e-32
0.07 : 1.49105e-30
0.09 : 2.25697e-29
0.11 : 3.1767e-28
0.13 : 4.16951e-27
0.15 : 5.11619e-26
0.17 : 5.88218e-25
0.19 : 6.34937e-24
0.21 : 6.44618e-23
0.23 : 6.1653e-22
0.25 : 5.56306e-21
0.27 : 4.74183e-20
0.29 : 3.8226e-19
0.31 : 2.91749e-18
0.33 : 2.11012e-17
0.35 : 1.44751e-16
0.37 : 9.42489e-16
0.39 : 5.82864e-15
0.41 : 3.42571e-14
0.43 : 1.9145e-13
0.45 : 1.01784e-12
0.47 : 5.14976e-12
0.49 : 2.48043e-11
0.51 : 1.13767e-10
0.53 : 4.96991e-10
0.55 : 2.06821e-09
0.57 : 8.1998e-09
0.59 : 3.09743e-08
0.61 : 1.11479e-07
0.63 : 3.82269e-07
0.65 : 1.2488e-06
0.67 : 3.88606e-06
0.69 : 1.15173e-05
0.71 : 3.25031e-05
0.73 : 8.73233e-05
0.75 : 0.000223277
0.77 : 0.000543169
0.79 : 0.00125677
0.81 : 0.00276477
0.83 : 0.00578076
0.85 : 0.0114837
0.87 : 0.0216676
0.89 : 0.0388193
0.91 : 0.0660256
0.93 : 0.106604
0.95 : 0.163415
0.97 : 0.23792
0.99 : 0.329249
1.01 : 0.522345
1.03 : 0.633245
1.05 : 0.735614
