Number of X cells : 100
Number of ghost cells : 3
Time : 0.88
-1.05 : 0.993303
-1.03 : 0.985057
-1.01 : 0.969012
-0.99 : 0.963269
-0.97 : 0.930875
-0.95 : 0.879045
-0.93 : 0.803195
-0.91 : 0.702063
-0.89 : 0.579763
-0.87 : 0.446344
-0.85 : 0.315891
-0.83 : 0.202453
-0.81 : 0.115565
-0.79 : 0.0576394
-0.77 : 0.024539
-0.75 : 0.00865083
-0.73 : 0.00242017
-0.71 : 0.000503049
-0.69 : 6.89829e-05
-0.67 : 4.67681e-06
-0.65 : 0
-0.63 : 0
-0.61 : 0
-0.59 : 0
-0.57 : 0
-0.55 : 0
-0.53 : 0
-0.51 : 0
-0.49 : 0
-0.47 : 0
-0.45 : 0
-0.43 : 0
-0.41 : 0
-0.39 : 0
-0.37 : 0
-0.35 : 0
-0.33 : 0
-0.31 : 0
-0.29 : 0
-0.27 : 0
-0.25 : 3.60288e-39
-0.23 : 7.96236e-37
-0.21 : 8.64007e-35
-0.19 : 6.13578e-33
-0.17 : 3.20703e-31
-0.15 : 1.31551e-29
-0.13 : 4.40967e-28
-0.11 : 1.24197e-26
-0.09 : 2.99909e-25
-0.07 : 6.30525e-24
-0.05 : 1.16804e-22
-0.03 : 1.92496e-21
-0.01 : 2.84445e-20
0.01 : 3.79319e-19
0.03 : 4.58981e-18
0.05 : 5.06245e-17
0.07 : 5.10972e-16
0.09 : 4.73534e-15
0.11 : 4.04077e-14
0.13 : 3.18277e-13
0.15 : 2.31894e-12
0.17 : 1.56567e-11
0.19 : 9.81081e-11
0.21 : 5.71307e-10
0.23 : 3.09504e-09
0.25 : 1.56127e-08
0.27 : 7.33867e-08
0.29 : 3.21601e-07
0.31 : 1.31446e-06
0.33 : 5.01199e-06
0.35 : 1.78301e-05
0.37 : 5.91789e-05
0.39 : 0.000183225
0.41 : 0.000529051
0.43 : 0.00142413
0.45 : 0.00357232
0.47 : 0.00834608
0.49 : 0.0181516
0.51 : 0.0367306
0.53 : 0.0691247
0.55 : 0.120955
0.57 : 0.196805
0.59 : 0.297937
0.61 : 0.420237
0.63 : 0.553656
0.65 : 0.684109
0.67 : 0.797547
0.69 : 0.884435
0.71 : 0.942361
0.73 : 0.975461
0.75 : 0.991349
0.77 : 0.99758
0.79 : 0.999497
0.81 : 0.99993
0.83 : 0.99999
0.85 : 0.999982
0.87 : 0.999941
0.89 : 0.999817
0.91 : 0.999471
0.93 : 0.998576
0.95 : 0.996428
0.97 : 0.991654
0.99 : 0.981848
1.01 : 0.940299
1.03 : 0.89318
1.05 : 0.822502
