Number of X cells : 100
Number of ghost cells : 3
Time : 1.92
-1.05 : 5.67023e-13
-1.03 : 2.21809e-12
-1.01 : 8.39629e-12
-0.99 : 1.28681e-11
-0.97 : 4.64069e-11
-0.95 : 1.61987e-10
-0.93 : 5.47253e-10
-0.91 : 1.7893e-09
-0.89 : 5.66158e-09
-0.87 : 1.73345e-08
-0.85 : 5.13528e-08
-0.83 : 1.47179e-07
-0.81 : 4.08039e-07
-0.79 : 1.09414e-06
-0.77 : 2.8372e-06
-0.75 : 7.11351e-06
-0.73 : 1.72416e-05
-0.71 : 4.03916e-05
-0.69 : 9.14401e-05
-0.67 : 0.000199999
-0.65 : 0.000422545
-0.63 : 0.000862142
-0.61 : 0.00169845
-0.59 : 0.00323
-0.57 : 0.00592844
-0.55 : 0.0104999
-0.53 : 0.0179419
-0.51 : 0.0295753
-0.49 : 0.0470253
-0.47 : 0.0721221
-0.45 : 0.1067
-0.43 : 0.152297
-0.41 : 0.209789
-0.39 : 0.279026
-0.37 : 0.358576
-0.35 : 0.445662
-0.33 : 0.536376
-0.31 : 0.626155
-0.29 : 0.710437
-0.27 : 0.785353
-0.25 : 0.848279
-0.23 : 0.898116
-0.21 : 0.935233
-0.19 : 0.961144
-0.17 : 0.978011
-0.15 : 0.988135
-0.13 : 0.993552
-0.11 : 0.995781
-0.09 : 0.995725
-0.07 : 0.993677
-0.05 : 0.989365
-0.03 : 0.982017
-0.01 : 0.970414
0.01 : 0.952972
0.03 : 0.927877
0.05 : 0.8933
0.07 : 0.847703
0.09 : 0.790211
0.11 : 0.720974
0.13 : 0.641424
0.15 : 0.554338
0.17 : 0.463624
0.19 : 0.373845
0.21 : 0.289562
0.23 : 0.214644
0.25 : 0.151714
0.27 : 0.101867
0.29 : 0.0647269
0.31 : 0.0387647
0.33 : 0.0217894
0.35 : 0.0114425
0.37 : 0.00558583
0.39 : 0.00252064
0.41 : 0.00104481
0.43 : 0.0003949
0.45 : 0.000134937
0.47 : 4.1257e-05
0.49 : 1.11454e-05
0.51 : 2.61827e-06
0.53 : 5.23877e-07
0.55 : 8.6787e-08
0.57 : 1.14265e-08
0.59 : 1.12084e-09
0.61 : 7.28048e-11
0.63 : 2.34854e-12
0.65 : 4.34904e-24
0.67 : 2.85389e-23
0.69 : 1.80883e-22
0.71 : 1.10765e-21
0.73 : 6.55474e-21
0.75 : 3.74942e-20
0.77 : 2.07358e-19
0.79 : 1.10894e-18
0.81 : 5.73594e-18
0.83 : 2.86996e-17
0.85 : 1.38925e-16
0.87 : 6.50686e-16
0.89 : 2.94912e-15
0.91 : 1.29354e-14
0.93 : 5.49118e-14
0.95 : 2.25616e-13
0.97 : 8.97237e-13
0.99 : 3.45373e-12
1.01 : 3.07555e-11
1.03 : 1.09013e-10
1.05 : 3.73883e-10
