Number of X cells : 100
Number of ghost cells : 3
Time : 0.24
-1.05 : 0
-1.03 : 0
-1.01 : 0
-0.99 : 0
-0.97 : 0
-0.95 : 0
-0.93 : 0
-0.91 : 0
-0.89 : 0
-0.87 : 0
-0.85 : 0
-0.83 : 0
-0.81 : 0
-0.79 : 0
-0.77 : 0
-0.75 : 0
-0.73 : 0
-0.71 : 0
-0.69 : 0
-0.67 : 0
-0.65 : 0
-0.63 : 0
-0.61 : 0
-0.59 : 0
-0.57 : 0
-0.55 : 0
-0.53 : 0
-0.51 : 0
-0.49 : 0
-0.47 : 0
-0.45 : 0
-0.43 : 0
-0.41 : 0
-0.39 : 0
-0.37 : 0
-0.35 : 0
-0.33 : 0
-0.31 : 0
-0.29 : 0
-0.27 : 0
-0.25 : 3.2768e-11
-0.23 : 1.99885e-09
-0.21 : 5.70491e-08
-0.19 : 1.01125e-06
-0.17 : 1.24617e-05
-0.15 : 0.000113226
-0.13 : 0.000784985
-0.11 : 0.00423975
-0.09 : 0.0180588
-0.07 : 0.0610514
-0.05 : 0.164234
-0.03 : 0.351838
-0.01 : 0.601977
0.01 : 0.832874
0.03 : 0.964816
0.05 : 1
0.07 : 1
0.09 : 1
0.11 : 1
0.13 : 1
0.15 : 1
0.17 : 1
0.19 : 1
0.21 : 1
0.23 : 1
0.25 : 1
0.27 : 1
0.29 : 1
0.31 : 0.999999
0.33 : 0.999988
0.35 : 0.999887
0.37 : 0.999215
0.39 : 0.99576
0.41 : 0.981941
0.43 : 0.938949
0.45 : 0.835766
0.47 : 0.648162
0.49 : 0.398023
0.51 : 0.167126
0.53 : 0.0351844
0.55 : 0
0.57 : 0
0.59 : 0
0.61 : 0
0.63 : 0
0.65 : 0
0.67 : 0
0.69 : 0
0.71 : 0
0.73 : 0
0.75 : 0
0.77 : 0
0.79 : 0
0.81 : 0
0.83 : 0
0.85 : 0
0.87 : 0
0.89 : 0
0.91 : 0
0.93 : 0
0.95 : 0
0.97 : 0
0.99 : 0
1.01 : 0
1.03 : 0
1.05 : 0
