Number of X cells : 100
Number of ghost cells : 3
Time : 0.48
-1.05 : 0
-1.03 : 0
-1.01 : 0
-0.99 : 0
-0.97 : 0
-0.95 : 0
-0.93 : 0
-0.91 : 0
-0.89 : 0
-0.87 : 0
-0.85 : 0
-0.83 : 0
-0.81 : 0
-0.79 : 0
-0.77 : 0
-0.75 : 0
-0.73 : 0
-0.71 : 0
-0.69 : 0
-0.67 : 0
-0.65 : 0
-0.63 : 0
-0.61 : 0
-0.59 : 0
-0.57 : 0
-0.55 : 0
-0.53 : 0
-0.51 : 0
-0.49 : 0
-0.47 : 0
-0.45 : 0
-0.43 : 0
-0.41 : 0
-0.39 : 0
-0.37 : 0
-0.35 : 0
-0.33 : 0
-0.31 : 0
-0.29 : 0
-0.27 : 0
-0.25 : 1.07374e-21
-0.23 : 1.29923e-19
-0.21 : 7.60317e-18
-0.19 : 2.86604e-16
-0.17 : 7.81963e-15
-0.15 : 1.64507e-13
-0.13 : 2.77596e-12
-0.11 : 3.85901e-11
-0.09 : 4.50453e-10
-0.07 : 4.47756e-09
-0.05 : 3.83052e-08
-0.03 : 2.84325e-07
-0.01 : 1.84245e-06
0.01 : 1.04721e-05
0.03 : 5.23873e-05
0.05 : 0.000231226
0.07 : 0.000901869
0.09 : 0.00311105
0.11 : 0.00949312
0.13 : 0.0256163
0.15 : 0.0610871
0.17 : 0.128651
0.19 : 0.239209
0.21 : 0.39303
0.23 : 0.572488
0.25 : 0.744767
0.27 : 0.877289
0.29 : 0.955821
0.31 : 0.989478
0.33 : 0.998762
0.35 : 1
0.37 : 1
0.39 : 1
0.41 : 1
0.43 : 1
0.45 : 1
0.47 : 1
0.49 : 0.999998
0.51 : 0.99999
0.53 : 0.999948
0.55 : 0.999769
0.57 : 0.999098
0.59 : 0.996889
0.61 : 0.990507
0.63 : 0.974384
0.65 : 0.938913
0.67 : 0.871349
0.69 : 0.760791
0.71 : 0.60697
0.73 : 0.427512
0.75 : 0.255233
0.77 : 0.122711
0.79 : 0.044179
0.81 : 0.0105225
0.83 : 0.00123794
0.85 : 0
0.87 : 0
0.89 : 0
0.91 : 0
0.93 : 0
0.95 : 0
0.97 : 0
0.99 : 0
1.01 : 0
1.03 : 0
1.05 : 0
