Number of X cells : 100
Number of ghost cells : 3
Time : 1.2
-1.05 : 0.637576
-1.03 : 0.742686
-1.01 : 0.830843
-0.99 : 0.844276
-0.97 : 0.907246
-0.95 : 0.949871
-0.93 : 0.975704
-0.91 : 0.989583
-0.89 : 0.99611
-0.87 : 0.998748
-0.85 : 0.99962
-0.83 : 0.999781
-0.81 : 0.999602
-0.79 : 0.999062
-0.77 : 0.997852
-0.75 : 0.995334
-0.73 : 0.990396
-0.71 : 0.981279
-0.69 : 0.965454
-0.67 : 0.939665
-0.65 : 0.900277
-0.63 : 0.84401
-0.61 : 0.768987
-0.59 : 0.675854
-0.57 : 0.568515
-0.55 : 0.45402
-0.53 : 0.341402
-0.51 : 0.239683
-0.49 : 0.155724
-0.47 : 0.0927544
-0.45 : 0.0501291
-0.43 : 0.0242956
-0.41 : 0.0104149
-0.39 : 0.00388283
-0.37 : 0.00123212
-0.35 : 0.00032331
-0.33 : 6.73063e-05
-0.31 : 1.04166e-05
-0.29 : 1.06492e-06
-0.27 : 5.39199e-08
-0.25 : 3.77789e-53
-0.23 : 1.13715e-50
-0.21 : 1.68876e-48
-0.19 : 1.64954e-46
-0.17 : 1.19201e-44
-0.15 : 6.7961e-43
-0.13 : 3.18385e-41
-0.11 : 1.26039e-39
-0.09 : 4.30311e-38
-0.07 : 1.28687e-36
-0.05 : 3.41242e-35
-0.03 : 8.1028e-34
-0.01 : 1.73683e-32
0.01 : 3.38338e-31
0.03 : 6.02409e-30
0.05 : 9.85124e-29
0.07 : 1.48584e-27
0.09 : 2.07452e-26
0.11 : 2.68977e-25
0.13 : 3.24775e-24
0.15 : 3.661e-23
0.17 : 3.8612e-22
0.19 : 3.81767e-21
0.21 : 3.54476e-20
0.23 : 3.09574e-19
0.25 : 2.54644e-18
0.27 : 1.97531e-17
0.29 : 1.44661e-16
0.31 : 1.00117e-15
0.33 : 6.55372e-15
0.35 : 4.06094e-14
0.37 : 2.38352e-13
0.39 : 1.32594e-12
0.41 : 6.99455e-12
0.43 : 3.50042e-11
0.45 : 1.66249e-10
0.47 : 7.49561e-10
0.49 : 3.20893e-09
0.51 : 1.30464e-08
0.53 : 5.03784e-08
0.55 : 1.84773e-07
0.57 : 6.43683e-07
0.59 : 2.12968e-06
0.61 : 6.69133e-06
0.63 : 1.99616e-05
0.65 : 5.65286e-05
0.67 : 0.000151921
0.69 : 0.000387357
0.71 : 0.000936707
0.73 : 0.00214752
0.75 : 0.00466601
0.77 : 0.00960423
0.79 : 0.0187209
0.81 : 0.0345462
0.83 : 0.0603354
0.85 : 0.0997227
0.87 : 0.15599
0.89 : 0.231013
0.91 : 0.324146
0.93 : 0.431485
0.95 : 0.54598
0.97 : 0.658598
0.99 : 0.760317
1.01 : 0.89801
1.03 : 0.944187
1.05 : 0.972604
